19-02-13 14:16:41 WARN slick.util.AsyncExecutor - Having maxConnection > maxThreads can result in deadlocks if transactions or database locks are used.
19-02-13 14:21:22 WARN slick.util.AsyncExecutor - Having maxConnection > maxThreads can result in deadlocks if transactions or database locks are used.
19-02-13 14:35:55 WARN slick.util.AsyncExecutor - Having maxConnection > maxThreads can result in deadlocks if transactions or database locks are used.
19-02-13 14:36:41 WARN slick.util.AsyncExecutor - Having maxConnection > maxThreads can result in deadlocks if transactions or database locks are used.
19-02-13 14:37:27 WARN slick.util.AsyncExecutor - Having maxConnection > maxThreads can result in deadlocks if transactions or database locks are used.
19-02-13 14:38:27 WARN slick.util.AsyncExecutor - Having maxConnection > maxThreads can result in deadlocks if transactions or database locks are used.
19-02-13 14:38:58 WARN slick.util.AsyncExecutor - Having maxConnection > maxThreads can result in deadlocks if transactions or database locks are used.
19-02-13 14:47:19 WARN slick.util.AsyncExecutor - Having maxConnection > maxThreads can result in deadlocks if transactions or database locks are used.
19-02-13 14:48:11 WARN slick.util.AsyncExecutor - Having maxConnection > maxThreads can result in deadlocks if transactions or database locks are used.
19-02-13 14:48:11 INFO com.zaxxer.hikari.HikariDataSource - HikariPool-1 - Starting...
19-02-13 14:48:50 WARN slick.util.AsyncExecutor - Having maxConnection > maxThreads can result in deadlocks if transactions or database locks are used.
19-02-13 14:48:50 INFO com.zaxxer.hikari.HikariDataSource - HikariPool-1 - Starting...
19-02-13 14:48:51 ERROR com.zaxxer.hikari.pool.HikariPool - HikariPool-1 - Exception during pool initialization.
org.h2.jdbc.JdbcSQLException: IO Exception: "java.io.IOException: 文件名、目录名或卷标语法不正确。"; "C:\Users\yuwei/smallBlock?characterEncoding=utf-8&rewriteBatchedStatements=true.mv.db" [90031-197]
	at org.h2.engine.SessionRemote.done(SessionRemote.java:623)
	at org.h2.engine.SessionRemote.initTransfer(SessionRemote.java:142)
	at org.h2.engine.SessionRemote.connectServer(SessionRemote.java:447)
	at org.h2.engine.SessionRemote.connectEmbeddedOrServer(SessionRemote.java:332)
	at org.h2.jdbc.JdbcConnection.<init>(JdbcConnection.java:124)
	at org.h2.jdbc.JdbcConnection.<init>(JdbcConnection.java:103)
	at org.h2.Driver.connect(Driver.java:69)
	at org.h2.jdbcx.JdbcDataSource.getJdbcConnection(JdbcDataSource.java:189)
	at org.h2.jdbcx.JdbcDataSource.getConnection(JdbcDataSource.java:160)
	at com.zaxxer.hikari.pool.PoolBase.newConnection(PoolBase.java:358)
	at com.zaxxer.hikari.pool.PoolBase.newPoolEntry(PoolBase.java:201)
	at com.zaxxer.hikari.pool.HikariPool.createPoolEntry(HikariPool.java:443)
	at com.zaxxer.hikari.pool.HikariPool.checkFailFast(HikariPool.java:514)
	at com.zaxxer.hikari.pool.HikariPool.<init>(HikariPool.java:111)
	at com.zaxxer.hikari.HikariDataSource.getConnection(HikariDataSource.java:97)
	at slick.jdbc.DataSourceJdbcDataSource.createConnection(JdbcDataSource.scala:71)
	at slick.jdbc.JdbcBackend$BaseSession.<init>(JdbcBackend.scala:453)
	at slick.jdbc.JdbcBackend$DatabaseDef.createSession(JdbcBackend.scala:46)
	at slick.jdbc.JdbcBackend$DatabaseDef.createSession(JdbcBackend.scala:37)
	at slick.basic.BasicBackend$DatabaseDef.acquireSession(BasicBackend.scala:249)
	at slick.basic.BasicBackend$DatabaseDef.acquireSession$(BasicBackend.scala:248)
	at slick.jdbc.JdbcBackend$DatabaseDef.acquireSession(JdbcBackend.scala:37)
	at slick.basic.BasicBackend$DatabaseDef$$anon$2.run(BasicBackend.scala:274)
	at java.util.concurrent.ThreadPoolExecutor.runWorker(ThreadPoolExecutor.java:1149)
	at java.util.concurrent.ThreadPoolExecutor$Worker.run(ThreadPoolExecutor.java:624)
	at java.lang.Thread.run(Thread.java:748)
19-02-13 14:49:31 WARN slick.util.AsyncExecutor - Having maxConnection > maxThreads can result in deadlocks if transactions or database locks are used.
19-02-13 14:49:31 INFO com.zaxxer.hikari.HikariDataSource - HikariPool-1 - Starting...
19-02-13 14:49:31 INFO com.zaxxer.hikari.HikariDataSource - HikariPool-1 - Start completed.
19-02-13 17:15:36 WARN slick.util.AsyncExecutor - Having maxConnection > maxThreads can result in deadlocks if transactions or database locks are used.
